<?xml version="1.0" encoding="UTF-8"?>
<!-- Generated by org.testng.reporters.JUnitXMLReporter -->
<testsuite ignored="0" hostname="LIN80029007" failures="0" tests="6" name="Default test" time="13.698" errors="0" timestamp="2024-07-22T15:08:35 IST">
  <testcase classname="api.test.DDTest" name="testPostuser" time="4.402"/>
  <testcase classname="api.test.DDTest" name="testPostuser" time="2.043"/>
  <testcase classname="api.test.DDTest" name="testPostuser" time="2.064"/>
  <testcase classname="api.test.DDTest" name="testDeleteUserByName" time="0.986"/>
  <testcase classname="api.test.DDTest" name="testDeleteUserByName" time="0.979"/>
  <testcase classname="api.test.DDTest" name="testDeleteUserByName" time="1.032"/>
</testsuite> <!-- Default test -->
