<?xml version="1.0" encoding="UTF-8"?>
<!-- Generated by org.testng.reporters.JUnitXMLReporter -->
<testsuite ignored="0" hostname="LIN80029007" failures="0" tests="6" name="Test" time="15.394" errors="0" timestamp="2024-07-22T17:32:27 IST">
  <testcase classname="api.test.DDTest" name="testPostuser" time="5.489"/>
  <testcase classname="api.test.DDTest" name="testPostuser" time="2.243"/>
  <testcase classname="api.test.DDTest" name="testPostuser" time="2.083"/>
  <testcase classname="api.test.DDTest" name="testDeleteUserByName" time="1.004"/>
  <testcase classname="api.test.DDTest" name="testDeleteUserByName" time="1.063"/>
  <testcase classname="api.test.DDTest" name="testDeleteUserByName" time="1.003"/>
</testsuite> <!-- Test -->
